2017-01-19 19:34:23 Notice: Notice (1024): Please change the value of 'Security.salt' in ROOT/config/app.php to a salt value specific to your application. in [/Applications/AMPPS/www/local.labase.mx/tools/banner-converter/vendor/cakephp/cakephp/src/Error/Debugger.php, line 864]
Request URL: /tools/banner-converter/
Referer URL: http://local.labase.mx/tools/
Client IP: 127.0.0.1
Trace:
Cake\Error\BaseErrorHandler::handleError() - CORE/src/Error/BaseErrorHandler.php, line 146
Cake\Error\Debugger::checkSecurityKeys() - CORE/src/Error/Debugger.php, line 864
include - APP/Template/Pages/home.ctp, line 54
Cake\View\View::_evaluate() - CORE/src/View/View.php, line 1014
Cake\View\View::_render() - CORE/src/View/View.php, line 973
Cake\View\View::render() - CORE/src/View/View.php, line 597
Cake\Controller\Controller::render() - CORE/src/Controller/Controller.php, line 617
App\Controller\PagesController::display() - APP/Controller/PagesController.php, line 62
Cake\Controller\Controller::invokeAction() - CORE/src/Controller/Controller.php, line 435
Cake\Http\ActionDispatcher::_invoke() - CORE/src/Http/ActionDispatcher.php, line 121
Cake\Http\ActionDispatcher::dispatch() - CORE/src/Http/ActionDispatcher.php, line 95
Cake\Http\BaseApplication::__invoke() - CORE/src/Http/BaseApplication.php, line 83
Cake\Http\Runner::__invoke() - CORE/src/Http/Runner.php, line 65
Cake\Routing\Middleware\RoutingMiddleware::__invoke() - CORE/src/Routing/Middleware/RoutingMiddleware.php, line 62
Cake\Http\Runner::__invoke() - CORE/src/Http/Runner.php, line 65
Cake\Routing\Middleware\AssetMiddleware::__invoke() - CORE/src/Routing/Middleware/AssetMiddleware.php, line 88
Cake\Http\Runner::__invoke() - CORE/src/Http/Runner.php, line 65
Cake\Error\Middleware\ErrorHandlerMiddleware::__invoke() - CORE/src/Error/Middleware/ErrorHandlerMiddleware.php, line 81
Cake\Http\Runner::__invoke() - CORE/src/Http/Runner.php, line 65
Cake\Http\Runner::run() - CORE/src/Http/Runner.php, line 51
Cake\Http\Server::run() - CORE/src/Http/Server.php, line 90
require - ROOT/webroot/index.php, line 37
[main] - ROOT/index.php, line 16



2017-01-19 19:36:08 Notice: Notice (1024): Please change the value of 'Security.salt' in ROOT/config/app.php to a salt value specific to your application. in [/Applications/AMPPS/www/local.labase.mx/tools/banner-converter/vendor/cakephp/cakephp/src/Error/Debugger.php, line 864]
Request URL: /tools/banner-converter/
Referer URL: http://local.labase.mx/tools/
Client IP: 127.0.0.1
Trace:
Cake\Error\BaseErrorHandler::handleError() - CORE/src/Error/BaseErrorHandler.php, line 146
Cake\Error\Debugger::checkSecurityKeys() - CORE/src/Error/Debugger.php, line 864
include - APP/Template/Pages/home.ctp, line 54
Cake\View\View::_evaluate() - CORE/src/View/View.php, line 1014
Cake\View\View::_render() - CORE/src/View/View.php, line 973
Cake\View\View::render() - CORE/src/View/View.php, line 597
Cake\Controller\Controller::render() - CORE/src/Controller/Controller.php, line 617
App\Controller\PagesController::display() - APP/Controller/PagesController.php, line 62
Cake\Controller\Controller::invokeAction() - CORE/src/Controller/Controller.php, line 435
Cake\Http\ActionDispatcher::_invoke() - CORE/src/Http/ActionDispatcher.php, line 121
Cake\Http\ActionDispatcher::dispatch() - CORE/src/Http/ActionDispatcher.php, line 95
Cake\Http\BaseApplication::__invoke() - CORE/src/Http/BaseApplication.php, line 83
Cake\Http\Runner::__invoke() - CORE/src/Http/Runner.php, line 65
Cake\Routing\Middleware\RoutingMiddleware::__invoke() - CORE/src/Routing/Middleware/RoutingMiddleware.php, line 62
Cake\Http\Runner::__invoke() - CORE/src/Http/Runner.php, line 65
Cake\Routing\Middleware\AssetMiddleware::__invoke() - CORE/src/Routing/Middleware/AssetMiddleware.php, line 88
Cake\Http\Runner::__invoke() - CORE/src/Http/Runner.php, line 65
Cake\Error\Middleware\ErrorHandlerMiddleware::__invoke() - CORE/src/Error/Middleware/ErrorHandlerMiddleware.php, line 81
Cake\Http\Runner::__invoke() - CORE/src/Http/Runner.php, line 65
Cake\Http\Runner::run() - CORE/src/Http/Runner.php, line 51
Cake\Http\Server::run() - CORE/src/Http/Server.php, line 90
[main] - ROOT/webroot/index.php, line 37



2017-01-19 19:36:09 Notice: Notice (1024): Please change the value of 'Security.salt' in ROOT/config/app.php to a salt value specific to your application. in [/Applications/AMPPS/www/local.labase.mx/tools/banner-converter/vendor/cakephp/cakephp/src/Error/Debugger.php, line 864]
Request URL: /tools/banner-converter/
Referer URL: http://local.labase.mx/tools/
Client IP: 127.0.0.1
Trace:
Cake\Error\BaseErrorHandler::handleError() - CORE/src/Error/BaseErrorHandler.php, line 146
Cake\Error\Debugger::checkSecurityKeys() - CORE/src/Error/Debugger.php, line 864
include - APP/Template/Pages/home.ctp, line 54
Cake\View\View::_evaluate() - CORE/src/View/View.php, line 1014
Cake\View\View::_render() - CORE/src/View/View.php, line 973
Cake\View\View::render() - CORE/src/View/View.php, line 597
Cake\Controller\Controller::render() - CORE/src/Controller/Controller.php, line 617
App\Controller\PagesController::display() - APP/Controller/PagesController.php, line 62
Cake\Controller\Controller::invokeAction() - CORE/src/Controller/Controller.php, line 435
Cake\Http\ActionDispatcher::_invoke() - CORE/src/Http/ActionDispatcher.php, line 121
Cake\Http\ActionDispatcher::dispatch() - CORE/src/Http/ActionDispatcher.php, line 95
Cake\Http\BaseApplication::__invoke() - CORE/src/Http/BaseApplication.php, line 83
Cake\Http\Runner::__invoke() - CORE/src/Http/Runner.php, line 65
Cake\Routing\Middleware\RoutingMiddleware::__invoke() - CORE/src/Routing/Middleware/RoutingMiddleware.php, line 62
Cake\Http\Runner::__invoke() - CORE/src/Http/Runner.php, line 65
Cake\Routing\Middleware\AssetMiddleware::__invoke() - CORE/src/Routing/Middleware/AssetMiddleware.php, line 88
Cake\Http\Runner::__invoke() - CORE/src/Http/Runner.php, line 65
Cake\Error\Middleware\ErrorHandlerMiddleware::__invoke() - CORE/src/Error/Middleware/ErrorHandlerMiddleware.php, line 81
Cake\Http\Runner::__invoke() - CORE/src/Http/Runner.php, line 65
Cake\Http\Runner::run() - CORE/src/Http/Runner.php, line 51
Cake\Http\Server::run() - CORE/src/Http/Server.php, line 90
[main] - ROOT/webroot/index.php, line 37



2017-01-19 19:37:51 Notice: Notice (1024): Please change the value of 'Security.salt' in ROOT/config/app.php to a salt value specific to your application. in [/Applications/AMPPS/www/local.labase.mx/tools/banner-converter/vendor/cakephp/cakephp/src/Error/Debugger.php, line 864]
Request URL: /tools/banner-converter/
Referer URL: http://local.labase.mx/tools/
Client IP: 127.0.0.1
Trace:
Cake\Error\BaseErrorHandler::handleError() - CORE/src/Error/BaseErrorHandler.php, line 146
Cake\Error\Debugger::checkSecurityKeys() - CORE/src/Error/Debugger.php, line 864
include - APP/Template/Pages/home.ctp, line 54
Cake\View\View::_evaluate() - CORE/src/View/View.php, line 1014
Cake\View\View::_render() - CORE/src/View/View.php, line 973
Cake\View\View::render() - CORE/src/View/View.php, line 597
Cake\Controller\Controller::render() - CORE/src/Controller/Controller.php, line 617
App\Controller\PagesController::display() - APP/Controller/PagesController.php, line 62
Cake\Controller\Controller::invokeAction() - CORE/src/Controller/Controller.php, line 435
Cake\Http\ActionDispatcher::_invoke() - CORE/src/Http/ActionDispatcher.php, line 121
Cake\Http\ActionDispatcher::dispatch() - CORE/src/Http/ActionDispatcher.php, line 95
Cake\Http\BaseApplication::__invoke() - CORE/src/Http/BaseApplication.php, line 83
Cake\Http\Runner::__invoke() - CORE/src/Http/Runner.php, line 65
Cake\Routing\Middleware\RoutingMiddleware::__invoke() - CORE/src/Routing/Middleware/RoutingMiddleware.php, line 62
Cake\Http\Runner::__invoke() - CORE/src/Http/Runner.php, line 65
Cake\Routing\Middleware\AssetMiddleware::__invoke() - CORE/src/Routing/Middleware/AssetMiddleware.php, line 88
Cake\Http\Runner::__invoke() - CORE/src/Http/Runner.php, line 65
Cake\Error\Middleware\ErrorHandlerMiddleware::__invoke() - CORE/src/Error/Middleware/ErrorHandlerMiddleware.php, line 81
Cake\Http\Runner::__invoke() - CORE/src/Http/Runner.php, line 65
Cake\Http\Runner::run() - CORE/src/Http/Runner.php, line 51
Cake\Http\Server::run() - CORE/src/Http/Server.php, line 90
[main] - ROOT/webroot/index.php, line 37



2017-01-19 19:37:52 Notice: Notice (1024): Please change the value of 'Security.salt' in ROOT/config/app.php to a salt value specific to your application. in [/Applications/AMPPS/www/local.labase.mx/tools/banner-converter/vendor/cakephp/cakephp/src/Error/Debugger.php, line 864]
Request URL: /tools/banner-converter/
Referer URL: http://local.labase.mx/tools/
Client IP: 127.0.0.1
Trace:
Cake\Error\BaseErrorHandler::handleError() - CORE/src/Error/BaseErrorHandler.php, line 146
Cake\Error\Debugger::checkSecurityKeys() - CORE/src/Error/Debugger.php, line 864
include - APP/Template/Pages/home.ctp, line 54
Cake\View\View::_evaluate() - CORE/src/View/View.php, line 1014
Cake\View\View::_render() - CORE/src/View/View.php, line 973
Cake\View\View::render() - CORE/src/View/View.php, line 597
Cake\Controller\Controller::render() - CORE/src/Controller/Controller.php, line 617
App\Controller\PagesController::display() - APP/Controller/PagesController.php, line 62
Cake\Controller\Controller::invokeAction() - CORE/src/Controller/Controller.php, line 435
Cake\Http\ActionDispatcher::_invoke() - CORE/src/Http/ActionDispatcher.php, line 121
Cake\Http\ActionDispatcher::dispatch() - CORE/src/Http/ActionDispatcher.php, line 95
Cake\Http\BaseApplication::__invoke() - CORE/src/Http/BaseApplication.php, line 83
Cake\Http\Runner::__invoke() - CORE/src/Http/Runner.php, line 65
Cake\Routing\Middleware\RoutingMiddleware::__invoke() - CORE/src/Routing/Middleware/RoutingMiddleware.php, line 62
Cake\Http\Runner::__invoke() - CORE/src/Http/Runner.php, line 65
Cake\Routing\Middleware\AssetMiddleware::__invoke() - CORE/src/Routing/Middleware/AssetMiddleware.php, line 88
Cake\Http\Runner::__invoke() - CORE/src/Http/Runner.php, line 65
Cake\Error\Middleware\ErrorHandlerMiddleware::__invoke() - CORE/src/Error/Middleware/ErrorHandlerMiddleware.php, line 81
Cake\Http\Runner::__invoke() - CORE/src/Http/Runner.php, line 65
Cake\Http\Runner::run() - CORE/src/Http/Runner.php, line 51
Cake\Http\Server::run() - CORE/src/Http/Server.php, line 90
[main] - ROOT/webroot/index.php, line 37



2017-01-19 19:38:29 Notice: Notice (1024): Please change the value of 'Security.salt' in ROOT/config/app.php to a salt value specific to your application. in [/Applications/AMPPS/www/local.labase.mx/tools/banner-converter/vendor/cakephp/cakephp/src/Error/Debugger.php, line 864]
Request URL: /tools/banner-converter/
Client IP: 127.0.0.1
Trace:
Cake\Error\BaseErrorHandler::handleError() - CORE/src/Error/BaseErrorHandler.php, line 146
Cake\Error\Debugger::checkSecurityKeys() - CORE/src/Error/Debugger.php, line 864
include - APP/Template/Pages/home.ctp, line 54
Cake\View\View::_evaluate() - CORE/src/View/View.php, line 1014
Cake\View\View::_render() - CORE/src/View/View.php, line 973
Cake\View\View::render() - CORE/src/View/View.php, line 597
Cake\Controller\Controller::render() - CORE/src/Controller/Controller.php, line 617
App\Controller\PagesController::display() - APP/Controller/PagesController.php, line 62
Cake\Controller\Controller::invokeAction() - CORE/src/Controller/Controller.php, line 435
Cake\Http\ActionDispatcher::_invoke() - CORE/src/Http/ActionDispatcher.php, line 121
Cake\Http\ActionDispatcher::dispatch() - CORE/src/Http/ActionDispatcher.php, line 95
Cake\Http\BaseApplication::__invoke() - CORE/src/Http/BaseApplication.php, line 83
Cake\Http\Runner::__invoke() - CORE/src/Http/Runner.php, line 65
Cake\Routing\Middleware\RoutingMiddleware::__invoke() - CORE/src/Routing/Middleware/RoutingMiddleware.php, line 62
Cake\Http\Runner::__invoke() - CORE/src/Http/Runner.php, line 65
Cake\Routing\Middleware\AssetMiddleware::__invoke() - CORE/src/Routing/Middleware/AssetMiddleware.php, line 88
Cake\Http\Runner::__invoke() - CORE/src/Http/Runner.php, line 65
Cake\Error\Middleware\ErrorHandlerMiddleware::__invoke() - CORE/src/Error/Middleware/ErrorHandlerMiddleware.php, line 81
Cake\Http\Runner::__invoke() - CORE/src/Http/Runner.php, line 65
Cake\Http\Runner::run() - CORE/src/Http/Runner.php, line 51
Cake\Http\Server::run() - CORE/src/Http/Server.php, line 90
[main] - ROOT/webroot/index.php, line 37



2017-01-19 19:38:29 Notice: Notice (1024): Please change the value of 'Security.salt' in ROOT/config/app.php to a salt value specific to your application. in [/Applications/AMPPS/www/local.labase.mx/tools/banner-converter/vendor/cakephp/cakephp/src/Error/Debugger.php, line 864]
Request URL: /tools/banner-converter/
Client IP: 127.0.0.1
Trace:
Cake\Error\BaseErrorHandler::handleError() - CORE/src/Error/BaseErrorHandler.php, line 146
Cake\Error\Debugger::checkSecurityKeys() - CORE/src/Error/Debugger.php, line 864
include - APP/Template/Pages/home.ctp, line 54
Cake\View\View::_evaluate() - CORE/src/View/View.php, line 1014
Cake\View\View::_render() - CORE/src/View/View.php, line 973
Cake\View\View::render() - CORE/src/View/View.php, line 597
Cake\Controller\Controller::render() - CORE/src/Controller/Controller.php, line 617
App\Controller\PagesController::display() - APP/Controller/PagesController.php, line 62
Cake\Controller\Controller::invokeAction() - CORE/src/Controller/Controller.php, line 435
Cake\Http\ActionDispatcher::_invoke() - CORE/src/Http/ActionDispatcher.php, line 121
Cake\Http\ActionDispatcher::dispatch() - CORE/src/Http/ActionDispatcher.php, line 95
Cake\Http\BaseApplication::__invoke() - CORE/src/Http/BaseApplication.php, line 83
Cake\Http\Runner::__invoke() - CORE/src/Http/Runner.php, line 65
Cake\Routing\Middleware\RoutingMiddleware::__invoke() - CORE/src/Routing/Middleware/RoutingMiddleware.php, line 62
Cake\Http\Runner::__invoke() - CORE/src/Http/Runner.php, line 65
Cake\Routing\Middleware\AssetMiddleware::__invoke() - CORE/src/Routing/Middleware/AssetMiddleware.php, line 88
Cake\Http\Runner::__invoke() - CORE/src/Http/Runner.php, line 65
Cake\Error\Middleware\ErrorHandlerMiddleware::__invoke() - CORE/src/Error/Middleware/ErrorHandlerMiddleware.php, line 81
Cake\Http\Runner::__invoke() - CORE/src/Http/Runner.php, line 65
Cake\Http\Runner::run() - CORE/src/Http/Runner.php, line 51
Cake\Http\Server::run() - CORE/src/Http/Server.php, line 90
[main] - ROOT/webroot/index.php, line 37



2017-01-19 19:44:25 Notice: Notice (1024): Please change the value of 'Security.salt' in ROOT/config/app.php to a salt value specific to your application. in [/Applications/AMPPS/www/local.labase.mx/tools/banner-converter/vendor/cakephp/cakephp/src/Error/Debugger.php, line 864]
Request URL: /tools/banner-converter/
Client IP: 127.0.0.1
Trace:
Cake\Error\BaseErrorHandler::handleError() - CORE/src/Error/BaseErrorHandler.php, line 146
Cake\Error\Debugger::checkSecurityKeys() - CORE/src/Error/Debugger.php, line 864
include - APP/Template/Pages/home.ctp, line 54
Cake\View\View::_evaluate() - CORE/src/View/View.php, line 1014
Cake\View\View::_render() - CORE/src/View/View.php, line 973
Cake\View\View::render() - CORE/src/View/View.php, line 597
Cake\Controller\Controller::render() - CORE/src/Controller/Controller.php, line 617
App\Controller\PagesController::display() - APP/Controller/PagesController.php, line 62
Cake\Controller\Controller::invokeAction() - CORE/src/Controller/Controller.php, line 435
Cake\Http\ActionDispatcher::_invoke() - CORE/src/Http/ActionDispatcher.php, line 121
Cake\Http\ActionDispatcher::dispatch() - CORE/src/Http/ActionDispatcher.php, line 95
Cake\Http\BaseApplication::__invoke() - CORE/src/Http/BaseApplication.php, line 83
Cake\Http\Runner::__invoke() - CORE/src/Http/Runner.php, line 65
Cake\Routing\Middleware\RoutingMiddleware::__invoke() - CORE/src/Routing/Middleware/RoutingMiddleware.php, line 62
Cake\Http\Runner::__invoke() - CORE/src/Http/Runner.php, line 65
Cake\Routing\Middleware\AssetMiddleware::__invoke() - CORE/src/Routing/Middleware/AssetMiddleware.php, line 88
Cake\Http\Runner::__invoke() - CORE/src/Http/Runner.php, line 65
Cake\Error\Middleware\ErrorHandlerMiddleware::__invoke() - CORE/src/Error/Middleware/ErrorHandlerMiddleware.php, line 81
Cake\Http\Runner::__invoke() - CORE/src/Http/Runner.php, line 65
Cake\Http\Runner::run() - CORE/src/Http/Runner.php, line 51
Cake\Http\Server::run() - CORE/src/Http/Server.php, line 90
[main] - ROOT/webroot/index.php, line 37



2017-01-19 19:44:27 Notice: Notice (1024): Please change the value of 'Security.salt' in ROOT/config/app.php to a salt value specific to your application. in [/Applications/AMPPS/www/local.labase.mx/tools/banner-converter/vendor/cakephp/cakephp/src/Error/Debugger.php, line 864]
Request URL: /tools/banner-converter/
Client IP: 127.0.0.1
Trace:
Cake\Error\BaseErrorHandler::handleError() - CORE/src/Error/BaseErrorHandler.php, line 146
Cake\Error\Debugger::checkSecurityKeys() - CORE/src/Error/Debugger.php, line 864
include - APP/Template/Pages/home.ctp, line 54
Cake\View\View::_evaluate() - CORE/src/View/View.php, line 1014
Cake\View\View::_render() - CORE/src/View/View.php, line 973
Cake\View\View::render() - CORE/src/View/View.php, line 597
Cake\Controller\Controller::render() - CORE/src/Controller/Controller.php, line 617
App\Controller\PagesController::display() - APP/Controller/PagesController.php, line 62
Cake\Controller\Controller::invokeAction() - CORE/src/Controller/Controller.php, line 435
Cake\Http\ActionDispatcher::_invoke() - CORE/src/Http/ActionDispatcher.php, line 121
Cake\Http\ActionDispatcher::dispatch() - CORE/src/Http/ActionDispatcher.php, line 95
Cake\Http\BaseApplication::__invoke() - CORE/src/Http/BaseApplication.php, line 83
Cake\Http\Runner::__invoke() - CORE/src/Http/Runner.php, line 65
Cake\Routing\Middleware\RoutingMiddleware::__invoke() - CORE/src/Routing/Middleware/RoutingMiddleware.php, line 62
Cake\Http\Runner::__invoke() - CORE/src/Http/Runner.php, line 65
Cake\Routing\Middleware\AssetMiddleware::__invoke() - CORE/src/Routing/Middleware/AssetMiddleware.php, line 88
Cake\Http\Runner::__invoke() - CORE/src/Http/Runner.php, line 65
Cake\Error\Middleware\ErrorHandlerMiddleware::__invoke() - CORE/src/Error/Middleware/ErrorHandlerMiddleware.php, line 81
Cake\Http\Runner::__invoke() - CORE/src/Http/Runner.php, line 65
Cake\Http\Runner::run() - CORE/src/Http/Runner.php, line 51
Cake\Http\Server::run() - CORE/src/Http/Server.php, line 90
[main] - ROOT/webroot/index.php, line 37



2017-01-19 19:44:55 Notice: Notice (1024): Please change the value of 'Security.salt' in ROOT/config/app.php to a salt value specific to your application. in [/Applications/AMPPS/www/local.labase.mx/tools/banner-converter/vendor/cakephp/cakephp/src/Error/Debugger.php, line 864]
Request URL: /tools/banner-converter/
Client IP: 127.0.0.1
Trace:
Cake\Error\BaseErrorHandler::handleError() - CORE/src/Error/BaseErrorHandler.php, line 146
Cake\Error\Debugger::checkSecurityKeys() - CORE/src/Error/Debugger.php, line 864
include - APP/Template/Pages/home.ctp, line 54
Cake\View\View::_evaluate() - CORE/src/View/View.php, line 1014
Cake\View\View::_render() - CORE/src/View/View.php, line 973
Cake\View\View::render() - CORE/src/View/View.php, line 597
Cake\Controller\Controller::render() - CORE/src/Controller/Controller.php, line 617
App\Controller\PagesController::display() - APP/Controller/PagesController.php, line 62
Cake\Controller\Controller::invokeAction() - CORE/src/Controller/Controller.php, line 435
Cake\Http\ActionDispatcher::_invoke() - CORE/src/Http/ActionDispatcher.php, line 121
Cake\Http\ActionDispatcher::dispatch() - CORE/src/Http/ActionDispatcher.php, line 95
Cake\Http\BaseApplication::__invoke() - CORE/src/Http/BaseApplication.php, line 83
Cake\Http\Runner::__invoke() - CORE/src/Http/Runner.php, line 65
Cake\Routing\Middleware\RoutingMiddleware::__invoke() - CORE/src/Routing/Middleware/RoutingMiddleware.php, line 62
Cake\Http\Runner::__invoke() - CORE/src/Http/Runner.php, line 65
Cake\Routing\Middleware\AssetMiddleware::__invoke() - CORE/src/Routing/Middleware/AssetMiddleware.php, line 88
Cake\Http\Runner::__invoke() - CORE/src/Http/Runner.php, line 65
Cake\Error\Middleware\ErrorHandlerMiddleware::__invoke() - CORE/src/Error/Middleware/ErrorHandlerMiddleware.php, line 81
Cake\Http\Runner::__invoke() - CORE/src/Http/Runner.php, line 65
Cake\Http\Runner::run() - CORE/src/Http/Runner.php, line 51
Cake\Http\Server::run() - CORE/src/Http/Server.php, line 90
[main] - ROOT/webroot/index.php, line 37



2017-01-19 19:44:56 Notice: Notice (1024): Please change the value of 'Security.salt' in ROOT/config/app.php to a salt value specific to your application. in [/Applications/AMPPS/www/local.labase.mx/tools/banner-converter/vendor/cakephp/cakephp/src/Error/Debugger.php, line 864]
Request URL: /tools/banner-converter/
Client IP: 127.0.0.1
Trace:
Cake\Error\BaseErrorHandler::handleError() - CORE/src/Error/BaseErrorHandler.php, line 146
Cake\Error\Debugger::checkSecurityKeys() - CORE/src/Error/Debugger.php, line 864
include - APP/Template/Pages/home.ctp, line 54
Cake\View\View::_evaluate() - CORE/src/View/View.php, line 1014
Cake\View\View::_render() - CORE/src/View/View.php, line 973
Cake\View\View::render() - CORE/src/View/View.php, line 597
Cake\Controller\Controller::render() - CORE/src/Controller/Controller.php, line 617
App\Controller\PagesController::display() - APP/Controller/PagesController.php, line 62
Cake\Controller\Controller::invokeAction() - CORE/src/Controller/Controller.php, line 435
Cake\Http\ActionDispatcher::_invoke() - CORE/src/Http/ActionDispatcher.php, line 121
Cake\Http\ActionDispatcher::dispatch() - CORE/src/Http/ActionDispatcher.php, line 95
Cake\Http\BaseApplication::__invoke() - CORE/src/Http/BaseApplication.php, line 83
Cake\Http\Runner::__invoke() - CORE/src/Http/Runner.php, line 65
Cake\Routing\Middleware\RoutingMiddleware::__invoke() - CORE/src/Routing/Middleware/RoutingMiddleware.php, line 62
Cake\Http\Runner::__invoke() - CORE/src/Http/Runner.php, line 65
Cake\Routing\Middleware\AssetMiddleware::__invoke() - CORE/src/Routing/Middleware/AssetMiddleware.php, line 88
Cake\Http\Runner::__invoke() - CORE/src/Http/Runner.php, line 65
Cake\Error\Middleware\ErrorHandlerMiddleware::__invoke() - CORE/src/Error/Middleware/ErrorHandlerMiddleware.php, line 81
Cake\Http\Runner::__invoke() - CORE/src/Http/Runner.php, line 65
Cake\Http\Runner::run() - CORE/src/Http/Runner.php, line 51
Cake\Http\Server::run() - CORE/src/Http/Server.php, line 90
[main] - ROOT/webroot/index.php, line 37



